2020-01-20 17:22:25.789  INFO 19040 --- [main] c.s.w.s.s.SpringbootShiroApplication     : Starting SpringbootShiroApplication on DESKTOP-LFJN2MT with PID 19040 (E:\git\springboot-demo\springboot-shiro\target\classes started by m1581 in E:\git\springboot-demo)
2020-01-20 17:22:25.802  INFO 19040 --- [main] c.s.w.s.s.SpringbootShiroApplication     : No active profile set, falling back to default profiles: default
2020-01-20 17:22:27.225  INFO 19040 --- [main] .s.d.r.c.RepositoryConfigurationDelegate : Multiple Spring Data modules found, entering strict repository configuration mode!
2020-01-20 17:22:27.225  INFO 19040 --- [main] .s.d.r.c.RepositoryConfigurationDelegate : Bootstrapping Spring Data JDBC repositories in DEFAULT mode.
2020-01-20 17:22:27.261  INFO 19040 --- [main] .s.d.r.c.RepositoryConfigurationDelegate : Finished Spring Data repository scanning in 30ms. Found 0 JDBC repository interfaces.
2020-01-20 17:22:27.284  INFO 19040 --- [main] .s.d.r.c.RepositoryConfigurationDelegate : Multiple Spring Data modules found, entering strict repository configuration mode!
2020-01-20 17:22:27.285  INFO 19040 --- [main] .s.d.r.c.RepositoryConfigurationDelegate : Bootstrapping Spring Data Redis repositories in DEFAULT mode.
2020-01-20 17:22:27.300  INFO 19040 --- [main] .s.d.r.c.RepositoryConfigurationDelegate : Finished Spring Data repository scanning in 3ms. Found 0 Redis repository interfaces.
2020-01-20 17:22:27.648  INFO 19040 --- [main] trationDelegate$BeanPostProcessorChecker : Bean 'shiroConfig' of type [com.simdy.web.shiro.springbootshiro.shiro.ShiroConfig$$EnhancerBySpringCGLIB$$5bfc7300] is not eligible for getting processed by all BeanPostProcessors (for example: not eligible for auto-proxying)
2020-01-20 17:22:27.718  INFO 19040 --- [main] trationDelegate$BeanPostProcessorChecker : Bean 'userServiceImpl' of type [com.simdy.web.shiro.springbootshiro.service.impl.UserServiceImpl] is not eligible for getting processed by all BeanPostProcessors (for example: not eligible for auto-proxying)
2020-01-20 17:22:27.719  INFO 19040 --- [main] trationDelegate$BeanPostProcessorChecker : Bean 'myShiroRealm' of type [com.simdy.web.shiro.springbootshiro.shiro.MyShiroRealm] is not eligible for getting processed by all BeanPostProcessors (for example: not eligible for auto-proxying)
2020-01-20 17:24:04.497  INFO 17936 --- [main] c.s.w.s.s.SpringbootShiroApplication     : Starting SpringbootShiroApplication on DESKTOP-LFJN2MT with PID 17936 (E:\git\springboot-demo\springboot-shiro\target\classes started by m1581 in E:\git\springboot-demo)
2020-01-20 17:24:04.510  INFO 17936 --- [main] c.s.w.s.s.SpringbootShiroApplication     : No active profile set, falling back to default profiles: default
2020-01-20 17:24:05.633  INFO 17936 --- [main] .s.d.r.c.RepositoryConfigurationDelegate : Multiple Spring Data modules found, entering strict repository configuration mode!
2020-01-20 17:24:05.634  INFO 17936 --- [main] .s.d.r.c.RepositoryConfigurationDelegate : Bootstrapping Spring Data JDBC repositories in DEFAULT mode.
2020-01-20 17:24:05.660  INFO 17936 --- [main] .s.d.r.c.RepositoryConfigurationDelegate : Finished Spring Data repository scanning in 21ms. Found 0 JDBC repository interfaces.
2020-01-20 17:24:05.673  INFO 17936 --- [main] .s.d.r.c.RepositoryConfigurationDelegate : Multiple Spring Data modules found, entering strict repository configuration mode!
2020-01-20 17:24:05.674  INFO 17936 --- [main] .s.d.r.c.RepositoryConfigurationDelegate : Bootstrapping Spring Data Redis repositories in DEFAULT mode.
2020-01-20 17:24:05.686  INFO 17936 --- [main] .s.d.r.c.RepositoryConfigurationDelegate : Finished Spring Data repository scanning in 3ms. Found 0 Redis repository interfaces.
2020-01-20 17:24:05.927  INFO 17936 --- [main] trationDelegate$BeanPostProcessorChecker : Bean 'shiroConfig' of type [com.simdy.web.shiro.springbootshiro.shiro.ShiroConfig$$EnhancerBySpringCGLIB$$e8789547] is not eligible for getting processed by all BeanPostProcessors (for example: not eligible for auto-proxying)
2020-01-20 17:24:05.969  INFO 17936 --- [main] trationDelegate$BeanPostProcessorChecker : Bean 'userServiceImpl' of type [com.simdy.web.shiro.springbootshiro.service.impl.UserServiceImpl] is not eligible for getting processed by all BeanPostProcessors (for example: not eligible for auto-proxying)
2020-01-20 17:24:05.970  INFO 17936 --- [main] trationDelegate$BeanPostProcessorChecker : Bean 'myShiroRealm' of type [com.simdy.web.shiro.springbootshiro.shiro.MyShiroRealm] is not eligible for getting processed by all BeanPostProcessors (for example: not eligible for auto-proxying)
2020-01-20 17:24:06.745  INFO 17936 --- [main] trationDelegate$BeanPostProcessorChecker : Bean 'securityManager' of type [org.apache.shiro.web.mgt.DefaultWebSecurityManager] is not eligible for getting processed by all BeanPostProcessors (for example: not eligible for auto-proxying)
2020-01-20 17:24:06.788  INFO 17936 --- [main] trationDelegate$BeanPostProcessorChecker : Bean 'spring.redis-org.springframework.boot.autoconfigure.data.redis.RedisProperties' of type [org.springframework.boot.autoconfigure.data.redis.RedisProperties] is not eligible for getting processed by all BeanPostProcessors (for example: not eligible for auto-proxying)
2020-01-20 17:24:06.793  INFO 17936 --- [main] trationDelegate$BeanPostProcessorChecker : Bean 'org.springframework.transaction.annotation.ProxyTransactionManagementConfiguration' of type [org.springframework.transaction.annotation.ProxyTransactionManagementConfiguration] is not eligible for getting processed by all BeanPostProcessors (for example: not eligible for auto-proxying)
2020-01-20 17:24:06.801  INFO 17936 --- [main] trationDelegate$BeanPostProcessorChecker : Bean 'authorizationAttributeSourceAdvisor' of type [org.apache.shiro.spring.security.interceptor.AuthorizationAttributeSourceAdvisor] is not eligible for getting processed by all BeanPostProcessors (for example: not eligible for auto-proxying)
2020-01-20 17:24:06.827  INFO 17936 --- [main] trationDelegate$BeanPostProcessorChecker : Bean 'org.springframework.boot.autoconfigure.data.redis.LettuceConnectionConfiguration' of type [org.springframework.boot.autoconfigure.data.redis.LettuceConnectionConfiguration] is not eligible for getting processed by all BeanPostProcessors (for example: not eligible for auto-proxying)
2020-01-20 17:24:06.890  INFO 17936 --- [main] trationDelegate$BeanPostProcessorChecker : Bean 'lettuceClientResources' of type [io.lettuce.core.resource.DefaultClientResources] is not eligible for getting processed by all BeanPostProcessors (for example: not eligible for auto-proxying)
2020-01-20 17:24:06.952  INFO 17936 --- [main] trationDelegate$BeanPostProcessorChecker : Bean 'redisConnectionFactory' of type [org.springframework.data.redis.connection.lettuce.LettuceConnectionFactory] is not eligible for getting processed by all BeanPostProcessors (for example: not eligible for auto-proxying)
2020-01-20 17:24:06.958  INFO 17936 --- [main] trationDelegate$BeanPostProcessorChecker : Bean 'redisConfig' of type [com.simdy.web.shiro.springbootshiro.config.RedisConfig$$EnhancerBySpringCGLIB$$6a3bb586] is not eligible for getting processed by all BeanPostProcessors (for example: not eligible for auto-proxying)
2020-01-20 17:24:07.313  INFO 17936 --- [main] o.s.b.w.embedded.tomcat.TomcatWebServer  : Tomcat initialized with port(s): 8080 (http)
2020-01-20 17:24:07.324  INFO 17936 --- [main] o.apache.catalina.core.StandardService   : Starting service [Tomcat]
2020-01-20 17:24:07.324  INFO 17936 --- [main] org.apache.catalina.core.StandardEngine  : Starting Servlet engine: [Apache Tomcat/9.0.29]
2020-01-20 17:24:07.325  INFO 17936 --- [main] o.a.catalina.core.AprLifecycleListener   : Loaded APR based Apache Tomcat Native library [1.2.23] using APR version [1.7.0].
2020-01-20 17:24:07.326  INFO 17936 --- [main] o.a.catalina.core.AprLifecycleListener   : APR capabilities: IPv6 [true], sendfile [true], accept filters [false], random [true].
2020-01-20 17:24:07.326  INFO 17936 --- [main] o.a.catalina.core.AprLifecycleListener   : APR/OpenSSL configuration: useAprConnector [false], useOpenSSL [true]
2020-01-20 17:24:07.330  INFO 17936 --- [main] o.a.catalina.core.AprLifecycleListener   : OpenSSL successfully initialized [OpenSSL 1.1.1c  28 May 2019]
2020-01-20 17:24:07.458  INFO 17936 --- [main] o.a.c.c.C.[Tomcat].[localhost].[/]       : Initializing Spring embedded WebApplicationContext
2020-01-20 17:24:07.458 DEBUG 17936 --- [main] o.s.web.context.ContextLoader            : Published root WebApplicationContext as ServletContext attribute with name [org.springframework.web.context.WebApplicationContext.ROOT]
2020-01-20 17:24:07.458  INFO 17936 --- [main] o.s.web.context.ContextLoader            : Root WebApplicationContext: initialization completed in 2869 ms
2020-01-20 17:24:07.957 DEBUG 17936 --- [main] s.w.s.m.m.a.RequestMappingHandlerMapping : 9 mappings in 'requestMappingHandlerMapping'
2020-01-20 17:24:08.165  INFO 17936 --- [main] pertySourcedRequestMappingHandlerMapping : Mapped URL path [/v2/api-docs] onto method [springfox.documentation.swagger2.web.Swagger2Controller#getDocumentation(String, HttpServletRequest)]
2020-01-20 17:24:08.339  INFO 17936 --- [main] o.s.s.concurrent.ThreadPoolTaskExecutor  : Initializing ExecutorService 'applicationTaskExecutor'
2020-01-20 17:24:08.401 DEBUG 17936 --- [main] s.w.s.m.m.a.RequestMappingHandlerAdapter : ControllerAdvice beans: 0 @ModelAttribute, 0 @InitBinder, 1 RequestBodyAdvice, 1 ResponseBodyAdvice
2020-01-20 17:24:08.471 DEBUG 17936 --- [main] o.s.w.s.handler.SimpleUrlHandlerMapping  : Patterns [/webjars/**, /**, /swagger-ui.html] in 'resourceHandlerMapping'
2020-01-20 17:24:08.504 DEBUG 17936 --- [main] .m.m.a.ExceptionHandlerExceptionResolver : ControllerAdvice beans: 1 @ExceptionHandler, 1 ResponseBodyAdvice
2020-01-20 17:24:08.852  INFO 17936 --- [main] d.s.w.p.DocumentationPluginsBootstrapper : Context refreshed
2020-01-20 17:24:08.875  INFO 17936 --- [main] d.s.w.p.DocumentationPluginsBootstrapper : Found 1 custom documentation plugin(s)
2020-01-20 17:24:08.913  INFO 17936 --- [main] s.d.s.w.s.ApiListingReferenceScanner     : Scanning for api listing references
2020-01-20 17:24:08.963  INFO 17936 --- [main] o.s.b.w.embedded.tomcat.TomcatWebServer  : Tomcat started on port(s): 8080 (http) with context path ''
2020-01-20 17:24:08.968  INFO 17936 --- [main] c.s.w.s.s.SpringbootShiroApplication     : Started SpringbootShiroApplication in 5.089 seconds (JVM running for 7.057)
2020-01-20 17:25:22.793  INFO 17936 --- [http-nio-8080-exec-1] o.a.c.c.C.[Tomcat].[localhost].[/]       : Initializing Spring DispatcherServlet 'dispatcherServlet'
2020-01-20 17:25:22.793  INFO 17936 --- [http-nio-8080-exec-1] o.s.web.servlet.DispatcherServlet        : Initializing Servlet 'dispatcherServlet'
2020-01-20 17:25:22.793 DEBUG 17936 --- [http-nio-8080-exec-1] o.s.web.servlet.DispatcherServlet        : Detected StandardServletMultipartResolver
2020-01-20 17:25:22.803 DEBUG 17936 --- [http-nio-8080-exec-1] o.s.web.servlet.DispatcherServlet        : enableLoggingRequestDetails='false': request parameters and headers will be masked to prevent unsafe logging of potentially sensitive data
2020-01-20 17:25:22.803  INFO 17936 --- [http-nio-8080-exec-1] o.s.web.servlet.DispatcherServlet        : Completed initialization in 10 ms
2020-01-20 17:25:22.820 DEBUG 17936 --- [http-nio-8080-exec-1] o.s.web.servlet.DispatcherServlet        : POST "/login", parameters={masked}
2020-01-20 17:25:22.833 DEBUG 17936 --- [http-nio-8080-exec-1] s.w.s.m.m.a.RequestMappingHandlerMapping : Mapped to com.simdy.web.shiro.springbootshiro.controller.UserController#login(String, String)
2020-01-20 17:25:22.932 DEBUG 17936 --- [http-nio-8080-exec-1] m.m.a.RequestResponseBodyMethodProcessor : Using 'application/json', given [*/*] and supported [application/json, application/*+json, application/json, application/*+json]
2020-01-20 17:25:22.933 DEBUG 17936 --- [http-nio-8080-exec-1] m.m.a.RequestResponseBodyMethodProcessor : Writing [Msg(status=200, message=success, data={token=eyJ0eXAiOiJKV1QiLCJhbGciOiJIUzI1NiJ9.eyJleHAiOjE1Nzk1OT (truncated)...]
2020-01-20 17:25:22.946 DEBUG 17936 --- [http-nio-8080-exec-1] o.s.web.servlet.DispatcherServlet        : Completed 200 OK
2020-01-20 17:25:37.503 DEBUG 17936 --- [http-nio-8080-exec-3] o.s.web.servlet.DispatcherServlet        : GET "/getMessage", parameters={}
2020-01-20 17:25:37.507 DEBUG 17936 --- [http-nio-8080-exec-3] .m.m.a.ExceptionHandlerExceptionResolver : Using @ExceptionHandler com.simdy.web.shiro.springbootshiro.controller.ExceptionController#globalException(HttpServletRequest, Throwable)
2020-01-20 17:25:37.508 DEBUG 17936 --- [http-nio-8080-exec-3] m.m.a.RequestResponseBodyMethodProcessor : Using 'application/json', given [*/*] and supported [application/json, application/*+json, application/json, application/*+json]
2020-01-20 17:25:37.508 DEBUG 17936 --- [http-nio-8080-exec-3] m.m.a.RequestResponseBodyMethodProcessor : Writing [Msg(status=500, message=exception, data={info=访问出错，无法访问: Request method 'GET' not supported})]
2020-01-20 17:25:37.509 DEBUG 17936 --- [http-nio-8080-exec-3] .m.m.a.ExceptionHandlerExceptionResolver : Resolved [org.springframework.web.HttpRequestMethodNotSupportedException: Request method 'GET' not supported]
2020-01-20 17:25:37.509 DEBUG 17936 --- [http-nio-8080-exec-3] o.s.web.servlet.DispatcherServlet        : Completed 200 OK
2020-01-20 17:25:49.611 DEBUG 17936 --- [http-nio-8080-exec-4] o.s.web.servlet.DispatcherServlet        : GET "/getMessage", parameters={}
2020-01-20 17:25:49.612 DEBUG 17936 --- [http-nio-8080-exec-4] .m.m.a.ExceptionHandlerExceptionResolver : Using @ExceptionHandler com.simdy.web.shiro.springbootshiro.controller.ExceptionController#globalException(HttpServletRequest, Throwable)
2020-01-20 17:25:49.613 DEBUG 17936 --- [http-nio-8080-exec-4] m.m.a.RequestResponseBodyMethodProcessor : Using 'application/json', given [*/*] and supported [application/json, application/*+json, application/json, application/*+json]
2020-01-20 17:25:49.613 DEBUG 17936 --- [http-nio-8080-exec-4] m.m.a.RequestResponseBodyMethodProcessor : Writing [Msg(status=500, message=exception, data={info=访问出错，无法访问: Request method 'GET' not supported})]
2020-01-20 17:25:49.614 DEBUG 17936 --- [http-nio-8080-exec-4] .m.m.a.ExceptionHandlerExceptionResolver : Resolved [org.springframework.web.HttpRequestMethodNotSupportedException: Request method 'GET' not supported]
2020-01-20 17:25:49.615 DEBUG 17936 --- [http-nio-8080-exec-4] o.s.web.servlet.DispatcherServlet        : Completed 200 OK
2020-01-20 17:26:08.995 DEBUG 17936 --- [http-nio-8080-exec-5] o.s.web.servlet.DispatcherServlet        : POST "/getMessage", parameters={}
2020-01-20 17:26:08.995 DEBUG 17936 --- [http-nio-8080-exec-5] s.w.s.m.m.a.RequestMappingHandlerMapping : Mapped to com.simdy.web.shiro.springbootshiro.controller.UserController#getMessage()
2020-01-20 17:26:09.000 DEBUG 17936 --- [http-nio-8080-exec-5] .m.m.a.ExceptionHandlerExceptionResolver : Using @ExceptionHandler com.simdy.web.shiro.springbootshiro.controller.ExceptionController#handle401()
2020-01-20 17:26:09.001 DEBUG 17936 --- [http-nio-8080-exec-5] m.m.a.RequestResponseBodyMethodProcessor : Using 'application/json', given [*/*] and supported [application/json, application/*+json, application/json, application/*+json]
2020-01-20 17:26:09.001 DEBUG 17936 --- [http-nio-8080-exec-5] m.m.a.RequestResponseBodyMethodProcessor : Writing [Msg(status=401, message=no permission, data={info=您没有权限访问！})]
2020-01-20 17:26:09.002 DEBUG 17936 --- [http-nio-8080-exec-5] .m.m.a.ExceptionHandlerExceptionResolver : Resolved [org.apache.shiro.authz.UnauthenticatedException: This subject is anonymous - it does not have any identifying principals and authorization operations require an identity to check against.  A Subject instance will acquire these identifying principals automatically after a successful login is performed be executing org.apache.shiro.subject.Subject.login(AuthenticationToken) or when 'Remember Me' functionality is enabled by the SecurityManager.  This exception can also occur when a previously logged-in Subject has logged out which makes it anonymous again.  Because an identity is currently not known due to any of these conditions, authorization is denied.]
2020-01-20 17:26:09.002 DEBUG 17936 --- [http-nio-8080-exec-5] o.s.web.servlet.DispatcherServlet        : Completed 200 OK
2020-01-20 17:26:18.863 DEBUG 17936 --- [http-nio-8080-exec-6] o.s.web.servlet.DispatcherServlet        : POST "/getVipMessage", parameters={}
2020-01-20 17:26:18.864 DEBUG 17936 --- [http-nio-8080-exec-6] s.w.s.m.m.a.RequestMappingHandlerMapping : Mapped to com.simdy.web.shiro.springbootshiro.controller.UserController#getVipMessage()
2020-01-20 17:26:18.865 DEBUG 17936 --- [http-nio-8080-exec-6] .m.m.a.ExceptionHandlerExceptionResolver : Using @ExceptionHandler com.simdy.web.shiro.springbootshiro.controller.ExceptionController#handle401()
2020-01-20 17:26:18.865 DEBUG 17936 --- [http-nio-8080-exec-6] m.m.a.RequestResponseBodyMethodProcessor : Using 'application/json', given [*/*] and supported [application/json, application/*+json, application/json, application/*+json]
2020-01-20 17:26:18.865 DEBUG 17936 --- [http-nio-8080-exec-6] m.m.a.RequestResponseBodyMethodProcessor : Writing [Msg(status=401, message=no permission, data={info=您没有权限访问！})]
2020-01-20 17:26:18.866 DEBUG 17936 --- [http-nio-8080-exec-6] .m.m.a.ExceptionHandlerExceptionResolver : Resolved [org.apache.shiro.authz.UnauthenticatedException: This subject is anonymous - it does not have any identifying principals and authorization operations require an identity to check against.  A Subject instance will acquire these identifying principals automatically after a successful login is performed be executing org.apache.shiro.subject.Subject.login(AuthenticationToken) or when 'Remember Me' functionality is enabled by the SecurityManager.  This exception can also occur when a previously logged-in Subject has logged out which makes it anonymous again.  Because an identity is currently not known due to any of these conditions, authorization is denied.]
2020-01-20 17:26:18.867 DEBUG 17936 --- [http-nio-8080-exec-6] o.s.web.servlet.DispatcherServlet        : Completed 200 OK
2020-01-20 17:27:52.261 DEBUG 17936 --- [http-nio-8080-exec-9] o.s.web.servlet.DispatcherServlet        : POST "/getVipMessage", parameters={}
2020-01-20 17:27:52.262 DEBUG 17936 --- [http-nio-8080-exec-9] s.w.s.m.m.a.RequestMappingHandlerMapping : Mapped to com.simdy.web.shiro.springbootshiro.controller.UserController#getVipMessage()
2020-01-20 17:27:52.263 DEBUG 17936 --- [http-nio-8080-exec-9] .m.m.a.ExceptionHandlerExceptionResolver : Using @ExceptionHandler com.simdy.web.shiro.springbootshiro.controller.ExceptionController#handle401()
2020-01-20 17:27:52.263 DEBUG 17936 --- [http-nio-8080-exec-9] m.m.a.RequestResponseBodyMethodProcessor : Using 'application/json', given [*/*] and supported [application/json, application/*+json, application/json, application/*+json]
2020-01-20 17:27:52.263 DEBUG 17936 --- [http-nio-8080-exec-9] m.m.a.RequestResponseBodyMethodProcessor : Writing [Msg(status=401, message=no permission, data={info=您没有权限访问！})]
2020-01-20 17:27:52.264 DEBUG 17936 --- [http-nio-8080-exec-9] .m.m.a.ExceptionHandlerExceptionResolver : Resolved [org.apache.shiro.authz.UnauthenticatedException: This subject is anonymous - it does not have any identifying principals and authorization operations require an identity to check against.  A Subject instance will acquire these identifying principals automatically after a successful login is performed be executing org.apache.shiro.subject.Subject.login(AuthenticationToken) or when 'Remember Me' functionality is enabled by the SecurityManager.  This exception can also occur when a previously logged-in Subject has logged out which makes it anonymous again.  Because an identity is currently not known due to any of these conditions, authorization is denied.]
2020-01-20 17:27:52.264 DEBUG 17936 --- [http-nio-8080-exec-9] o.s.web.servlet.DispatcherServlet        : Completed 302 FOUND
2020-01-20 17:27:52.278 DEBUG 17936 --- [http-nio-8080-exec-10] o.s.web.servlet.DispatcherServlet        : GET "/unauthorized/%E8%AF%A5%E7%94%A8%E6%88%B7%E5%B7%B2%E8%A2%AB%E5%B0%81%E5%8F%B7%EF%BC%81", parameters={}
2020-01-20 17:27:52.278 DEBUG 17936 --- [http-nio-8080-exec-10] s.w.s.m.m.a.RequestMappingHandlerMapping : Mapped to com.simdy.web.shiro.springbootshiro.controller.UserController#unauthorized(String)
2020-01-20 17:27:52.281 DEBUG 17936 --- [http-nio-8080-exec-10] m.m.a.RequestResponseBodyMethodProcessor : Using 'application/json', given [*/*] and supported [application/json, application/*+json, application/json, application/*+json]
2020-01-20 17:27:52.281 DEBUG 17936 --- [http-nio-8080-exec-10] m.m.a.RequestResponseBodyMethodProcessor : Writing [Msg(status=400, message=fail, data={info=该用户已被封号！})]
2020-01-20 17:27:52.281 DEBUG 17936 --- [http-nio-8080-exec-10] o.s.web.servlet.DispatcherServlet        : Completed 200 OK
2020-01-20 17:28:42.397 DEBUG 17936 --- [http-nio-8080-exec-2] o.s.web.servlet.DispatcherServlet        : POST "/getVipMessage", parameters={}
2020-01-20 17:28:42.398 DEBUG 17936 --- [http-nio-8080-exec-2] s.w.s.m.m.a.RequestMappingHandlerMapping : Mapped to com.simdy.web.shiro.springbootshiro.controller.UserController#getVipMessage()
2020-01-20 17:28:42.400 DEBUG 17936 --- [http-nio-8080-exec-2] .m.m.a.ExceptionHandlerExceptionResolver : Using @ExceptionHandler com.simdy.web.shiro.springbootshiro.controller.ExceptionController#handle401()
2020-01-20 17:28:42.400 DEBUG 17936 --- [http-nio-8080-exec-2] m.m.a.RequestResponseBodyMethodProcessor : Using 'application/json', given [*/*] and supported [application/json, application/*+json, application/json, application/*+json]
2020-01-20 17:28:42.400 DEBUG 17936 --- [http-nio-8080-exec-2] m.m.a.RequestResponseBodyMethodProcessor : Writing [Msg(status=401, message=no permission, data={info=您没有权限访问！})]
2020-01-20 17:28:42.401 DEBUG 17936 --- [http-nio-8080-exec-2] .m.m.a.ExceptionHandlerExceptionResolver : Resolved [org.apache.shiro.authz.UnauthenticatedException: This subject is anonymous - it does not have any identifying principals and authorization operations require an identity to check against.  A Subject instance will acquire these identifying principals automatically after a successful login is performed be executing org.apache.shiro.subject.Subject.login(AuthenticationToken) or when 'Remember Me' functionality is enabled by the SecurityManager.  This exception can also occur when a previously logged-in Subject has logged out which makes it anonymous again.  Because an identity is currently not known due to any of these conditions, authorization is denied.]
2020-01-20 17:28:42.401 DEBUG 17936 --- [http-nio-8080-exec-2] o.s.web.servlet.DispatcherServlet        : Completed 302 FOUND
2020-01-20 17:28:42.407 DEBUG 17936 --- [http-nio-8080-exec-1] o.s.web.servlet.DispatcherServlet        : GET "/unauthorized/%E8%AF%A5%E7%94%A8%E6%88%B7%E5%B7%B2%E8%A2%AB%E5%B0%81%E5%8F%B7%EF%BC%81", parameters={}
2020-01-20 17:28:42.409 DEBUG 17936 --- [http-nio-8080-exec-1] s.w.s.m.m.a.RequestMappingHandlerMapping : Mapped to com.simdy.web.shiro.springbootshiro.controller.UserController#unauthorized(String)
2020-01-20 17:28:42.411 DEBUG 17936 --- [http-nio-8080-exec-1] m.m.a.RequestResponseBodyMethodProcessor : Using 'application/json', given [*/*] and supported [application/json, application/*+json, application/json, application/*+json]
2020-01-20 17:28:42.411 DEBUG 17936 --- [http-nio-8080-exec-1] m.m.a.RequestResponseBodyMethodProcessor : Writing [Msg(status=400, message=fail, data={info=该用户已被封号！})]
2020-01-20 17:28:42.413 DEBUG 17936 --- [http-nio-8080-exec-1] o.s.web.servlet.DispatcherServlet        : Completed 200 OK
2020-01-20 17:30:00.038 DEBUG 17936 --- [http-nio-8080-exec-3] o.s.web.servlet.DispatcherServlet        : POST "/getVipMessage", parameters={}
2020-01-20 17:30:00.039 DEBUG 17936 --- [http-nio-8080-exec-3] s.w.s.m.m.a.RequestMappingHandlerMapping : Mapped to com.simdy.web.shiro.springbootshiro.controller.UserController#getVipMessage()
2020-01-20 17:30:00.039 DEBUG 17936 --- [http-nio-8080-exec-3] .m.m.a.ExceptionHandlerExceptionResolver : Using @ExceptionHandler com.simdy.web.shiro.springbootshiro.controller.ExceptionController#handle401()
2020-01-20 17:30:00.040 DEBUG 17936 --- [http-nio-8080-exec-3] m.m.a.RequestResponseBodyMethodProcessor : Using 'application/json', given [*/*] and supported [application/json, application/*+json, application/json, application/*+json]
2020-01-20 17:30:00.040 DEBUG 17936 --- [http-nio-8080-exec-3] m.m.a.RequestResponseBodyMethodProcessor : Writing [Msg(status=401, message=no permission, data={info=您没有权限访问！})]
2020-01-20 17:30:00.040 DEBUG 17936 --- [http-nio-8080-exec-3] .m.m.a.ExceptionHandlerExceptionResolver : Resolved [org.apache.shiro.authz.UnauthenticatedException: This subject is anonymous - it does not have any identifying principals and authorization operations require an identity to check against.  A Subject instance will acquire these identifying principals automatically after a successful login is performed be executing org.apache.shiro.subject.Subject.login(AuthenticationToken) or when 'Remember Me' functionality is enabled by the SecurityManager.  This exception can also occur when a previously logged-in Subject has logged out which makes it anonymous again.  Because an identity is currently not known due to any of these conditions, authorization is denied.]
2020-01-20 17:30:00.040 DEBUG 17936 --- [http-nio-8080-exec-3] o.s.web.servlet.DispatcherServlet        : Completed 302 FOUND
2020-01-20 17:30:00.046 DEBUG 17936 --- [http-nio-8080-exec-4] o.s.web.servlet.DispatcherServlet        : GET "/unauthorized/%E8%AF%A5%E7%94%A8%E6%88%B7%E5%B7%B2%E8%A2%AB%E5%B0%81%E5%8F%B7%EF%BC%81", parameters={}
2020-01-20 17:30:00.047 DEBUG 17936 --- [http-nio-8080-exec-4] s.w.s.m.m.a.RequestMappingHandlerMapping : Mapped to com.simdy.web.shiro.springbootshiro.controller.UserController#unauthorized(String)
2020-01-20 17:30:00.047 DEBUG 17936 --- [http-nio-8080-exec-4] m.m.a.RequestResponseBodyMethodProcessor : Using 'application/json', given [*/*] and supported [application/json, application/*+json, application/json, application/*+json]
2020-01-20 17:30:00.047 DEBUG 17936 --- [http-nio-8080-exec-4] m.m.a.RequestResponseBodyMethodProcessor : Writing [Msg(status=400, message=fail, data={info=该用户已被封号！})]
2020-01-20 17:30:00.048 DEBUG 17936 --- [http-nio-8080-exec-4] o.s.web.servlet.DispatcherServlet        : Completed 200 OK
2020-01-20 17:30:07.084  INFO 17936 --- [SpringContextShutdownHook] o.s.s.concurrent.ThreadPoolTaskExecutor  : Shutting down ExecutorService 'applicationTaskExecutor'
2020-01-20 17:30:14.614  INFO 14664 --- [main] c.s.w.s.s.SpringbootShiroApplication     : Starting SpringbootShiroApplication on DESKTOP-LFJN2MT with PID 14664 (E:\git\springboot-demo\springboot-shiro\target\classes started by m1581 in E:\git\springboot-demo)
2020-01-20 17:30:14.629  INFO 14664 --- [main] c.s.w.s.s.SpringbootShiroApplication     : No active profile set, falling back to default profiles: default
2020-01-20 17:30:15.955  INFO 14664 --- [main] .s.d.r.c.RepositoryConfigurationDelegate : Multiple Spring Data modules found, entering strict repository configuration mode!
2020-01-20 17:30:15.956  INFO 14664 --- [main] .s.d.r.c.RepositoryConfigurationDelegate : Bootstrapping Spring Data JDBC repositories in DEFAULT mode.
2020-01-20 17:30:15.980  INFO 14664 --- [main] .s.d.r.c.RepositoryConfigurationDelegate : Finished Spring Data repository scanning in 20ms. Found 0 JDBC repository interfaces.
2020-01-20 17:30:15.993  INFO 14664 --- [main] .s.d.r.c.RepositoryConfigurationDelegate : Multiple Spring Data modules found, entering strict repository configuration mode!
2020-01-20 17:30:15.994  INFO 14664 --- [main] .s.d.r.c.RepositoryConfigurationDelegate : Bootstrapping Spring Data Redis repositories in DEFAULT mode.
2020-01-20 17:30:16.007  INFO 14664 --- [main] .s.d.r.c.RepositoryConfigurationDelegate : Finished Spring Data repository scanning in 3ms. Found 0 Redis repository interfaces.
2020-01-20 17:30:16.284  INFO 14664 --- [main] trationDelegate$BeanPostProcessorChecker : Bean 'shiroConfig' of type [com.simdy.web.shiro.springbootshiro.shiro.ShiroConfig$$EnhancerBySpringCGLIB$$af033273] is not eligible for getting processed by all BeanPostProcessors (for example: not eligible for auto-proxying)
2020-01-20 17:30:16.356  INFO 14664 --- [main] trationDelegate$BeanPostProcessorChecker : Bean 'userServiceImpl' of type [com.simdy.web.shiro.springbootshiro.service.impl.UserServiceImpl] is not eligible for getting processed by all BeanPostProcessors (for example: not eligible for auto-proxying)
2020-01-20 17:30:16.357  INFO 14664 --- [main] trationDelegate$BeanPostProcessorChecker : Bean 'myShiroRealm' of type [com.simdy.web.shiro.springbootshiro.shiro.MyShiroRealm] is not eligible for getting processed by all BeanPostProcessors (for example: not eligible for auto-proxying)
2020-01-20 17:30:17.233  INFO 14664 --- [main] trationDelegate$BeanPostProcessorChecker : Bean 'securityManager' of type [org.apache.shiro.web.mgt.DefaultWebSecurityManager] is not eligible for getting processed by all BeanPostProcessors (for example: not eligible for auto-proxying)
2020-01-20 17:30:17.306  INFO 14664 --- [main] trationDelegate$BeanPostProcessorChecker : Bean 'spring.redis-org.springframework.boot.autoconfigure.data.redis.RedisProperties' of type [org.springframework.boot.autoconfigure.data.redis.RedisProperties] is not eligible for getting processed by all BeanPostProcessors (for example: not eligible for auto-proxying)
2020-01-20 17:30:17.312  INFO 14664 --- [main] trationDelegate$BeanPostProcessorChecker : Bean 'org.springframework.transaction.annotation.ProxyTransactionManagementConfiguration' of type [org.springframework.transaction.annotation.ProxyTransactionManagementConfiguration] is not eligible for getting processed by all BeanPostProcessors (for example: not eligible for auto-proxying)
2020-01-20 17:30:17.327  INFO 14664 --- [main] trationDelegate$BeanPostProcessorChecker : Bean 'authorizationAttributeSourceAdvisor' of type [org.apache.shiro.spring.security.interceptor.AuthorizationAttributeSourceAdvisor] is not eligible for getting processed by all BeanPostProcessors (for example: not eligible for auto-proxying)
2020-01-20 17:30:17.364  INFO 14664 --- [main] trationDelegate$BeanPostProcessorChecker : Bean 'org.springframework.boot.autoconfigure.data.redis.LettuceConnectionConfiguration' of type [org.springframework.boot.autoconfigure.data.redis.LettuceConnectionConfiguration] is not eligible for getting processed by all BeanPostProcessors (for example: not eligible for auto-proxying)
2020-01-20 17:30:17.437  INFO 14664 --- [main] trationDelegate$BeanPostProcessorChecker : Bean 'lettuceClientResources' of type [io.lettuce.core.resource.DefaultClientResources] is not eligible for getting processed by all BeanPostProcessors (for example: not eligible for auto-proxying)
2020-01-20 17:30:17.515  INFO 14664 --- [main] trationDelegate$BeanPostProcessorChecker : Bean 'redisConnectionFactory' of type [org.springframework.data.redis.connection.lettuce.LettuceConnectionFactory] is not eligible for getting processed by all BeanPostProcessors (for example: not eligible for auto-proxying)
2020-01-20 17:30:17.519  INFO 14664 --- [main] trationDelegate$BeanPostProcessorChecker : Bean 'redisConfig' of type [com.simdy.web.shiro.springbootshiro.config.RedisConfig$$EnhancerBySpringCGLIB$$30c652b2] is not eligible for getting processed by all BeanPostProcessors (for example: not eligible for auto-proxying)
2020-01-20 17:30:17.895  INFO 14664 --- [main] o.s.b.w.embedded.tomcat.TomcatWebServer  : Tomcat initialized with port(s): 8080 (http)
2020-01-20 17:30:17.906  INFO 14664 --- [main] o.apache.catalina.core.StandardService   : Starting service [Tomcat]
2020-01-20 17:30:17.907  INFO 14664 --- [main] org.apache.catalina.core.StandardEngine  : Starting Servlet engine: [Apache Tomcat/9.0.29]
2020-01-20 17:30:17.909  INFO 14664 --- [main] o.a.catalina.core.AprLifecycleListener   : Loaded APR based Apache Tomcat Native library [1.2.23] using APR version [1.7.0].
2020-01-20 17:30:17.909  INFO 14664 --- [main] o.a.catalina.core.AprLifecycleListener   : APR capabilities: IPv6 [true], sendfile [true], accept filters [false], random [true].
2020-01-20 17:30:17.909  INFO 14664 --- [main] o.a.catalina.core.AprLifecycleListener   : APR/OpenSSL configuration: useAprConnector [false], useOpenSSL [true]
2020-01-20 17:30:17.913  INFO 14664 --- [main] o.a.catalina.core.AprLifecycleListener   : OpenSSL successfully initialized [OpenSSL 1.1.1c  28 May 2019]
2020-01-20 17:30:18.054  INFO 14664 --- [main] o.a.c.c.C.[Tomcat].[localhost].[/]       : Initializing Spring embedded WebApplicationContext
2020-01-20 17:30:18.054 DEBUG 14664 --- [main] o.s.web.context.ContextLoader            : Published root WebApplicationContext as ServletContext attribute with name [org.springframework.web.context.WebApplicationContext.ROOT]
2020-01-20 17:30:18.054  INFO 14664 --- [main] o.s.web.context.ContextLoader            : Root WebApplicationContext: initialization completed in 3325 ms
2020-01-20 17:30:18.585 DEBUG 14664 --- [main] s.w.s.m.m.a.RequestMappingHandlerMapping : 9 mappings in 'requestMappingHandlerMapping'
2020-01-20 17:30:18.786  INFO 14664 --- [main] pertySourcedRequestMappingHandlerMapping : Mapped URL path [/v2/api-docs] onto method [springfox.documentation.swagger2.web.Swagger2Controller#getDocumentation(String, HttpServletRequest)]
2020-01-20 17:30:18.987  INFO 14664 --- [main] o.s.s.concurrent.ThreadPoolTaskExecutor  : Initializing ExecutorService 'applicationTaskExecutor'
2020-01-20 17:30:19.049 DEBUG 14664 --- [main] s.w.s.m.m.a.RequestMappingHandlerAdapter : ControllerAdvice beans: 0 @ModelAttribute, 0 @InitBinder, 1 RequestBodyAdvice, 1 ResponseBodyAdvice
2020-01-20 17:30:19.128 DEBUG 14664 --- [main] o.s.w.s.handler.SimpleUrlHandlerMapping  : Patterns [/webjars/**, /**, /swagger-ui.html] in 'resourceHandlerMapping'
2020-01-20 17:30:19.144 DEBUG 14664 --- [main] .m.m.a.ExceptionHandlerExceptionResolver : ControllerAdvice beans: 1 @ExceptionHandler, 1 ResponseBodyAdvice
2020-01-20 17:30:19.423  INFO 14664 --- [main] d.s.w.p.DocumentationPluginsBootstrapper : Context refreshed
2020-01-20 17:30:19.441  INFO 14664 --- [main] d.s.w.p.DocumentationPluginsBootstrapper : Found 1 custom documentation plugin(s)
2020-01-20 17:30:19.472  INFO 14664 --- [main] s.d.s.w.s.ApiListingReferenceScanner     : Scanning for api listing references
2020-01-20 17:30:19.521  INFO 14664 --- [main] o.s.b.w.embedded.tomcat.TomcatWebServer  : Tomcat started on port(s): 8080 (http) with context path ''
2020-01-20 17:30:19.526  INFO 14664 --- [main] c.s.w.s.s.SpringbootShiroApplication     : Started SpringbootShiroApplication in 5.887 seconds (JVM running for 8.339)
2020-01-20 17:30:35.274  INFO 14664 --- [http-nio-8080-exec-2] o.a.c.c.C.[Tomcat].[localhost].[/]       : Initializing Spring DispatcherServlet 'dispatcherServlet'
2020-01-20 17:30:35.274  INFO 14664 --- [http-nio-8080-exec-2] o.s.web.servlet.DispatcherServlet        : Initializing Servlet 'dispatcherServlet'
2020-01-20 17:30:35.274 DEBUG 14664 --- [http-nio-8080-exec-2] o.s.web.servlet.DispatcherServlet        : Detected StandardServletMultipartResolver
2020-01-20 17:30:35.282 DEBUG 14664 --- [http-nio-8080-exec-2] o.s.web.servlet.DispatcherServlet        : enableLoggingRequestDetails='false': request parameters and headers will be masked to prevent unsafe logging of potentially sensitive data
2020-01-20 17:30:35.282  INFO 14664 --- [http-nio-8080-exec-2] o.s.web.servlet.DispatcherServlet        : Completed initialization in 8 ms
2020-01-20 17:30:44.454 DEBUG 14664 --- [http-nio-8080-exec-2] o.s.web.servlet.DispatcherServlet        : POST "/getVipMessage", parameters={}
2020-01-20 17:30:44.467 DEBUG 14664 --- [http-nio-8080-exec-2] s.w.s.m.m.a.RequestMappingHandlerMapping : Mapped to com.simdy.web.shiro.springbootshiro.controller.UserController#getVipMessage()
2020-01-20 17:30:44.484 DEBUG 14664 --- [http-nio-8080-exec-2] .m.m.a.ExceptionHandlerExceptionResolver : Using @ExceptionHandler com.simdy.web.shiro.springbootshiro.controller.ExceptionController#handle401()
2020-01-20 17:30:44.525 DEBUG 14664 --- [http-nio-8080-exec-2] m.m.a.RequestResponseBodyMethodProcessor : Using 'application/json', given [*/*] and supported [application/json, application/*+json, application/json, application/*+json]
2020-01-20 17:30:44.526 DEBUG 14664 --- [http-nio-8080-exec-2] m.m.a.RequestResponseBodyMethodProcessor : Writing [Msg(status=401, message=no permission, data={info=您没有权限访问！})]
2020-01-20 17:30:44.544 DEBUG 14664 --- [http-nio-8080-exec-2] .m.m.a.ExceptionHandlerExceptionResolver : Resolved [org.apache.shiro.authz.UnauthorizedException: Subject does not have role [user]]
2020-01-20 17:30:44.544 DEBUG 14664 --- [http-nio-8080-exec-2] o.s.web.servlet.DispatcherServlet        : Completed 200 OK
2020-01-20 17:31:01.746 DEBUG 14664 --- [http-nio-8080-exec-3] o.s.web.servlet.DispatcherServlet        : POST "/login", parameters={masked}
2020-01-20 17:31:01.749 DEBUG 14664 --- [http-nio-8080-exec-3] s.w.s.m.m.a.RequestMappingHandlerMapping : Mapped to com.simdy.web.shiro.springbootshiro.controller.UserController#login(String, String)
2020-01-20 17:31:01.779 DEBUG 14664 --- [http-nio-8080-exec-3] m.m.a.RequestResponseBodyMethodProcessor : Using 'application/json', given [*/*] and supported [application/json, application/*+json, application/json, application/*+json]
2020-01-20 17:31:01.779 DEBUG 14664 --- [http-nio-8080-exec-3] m.m.a.RequestResponseBodyMethodProcessor : Writing [Msg(status=200, message=success, data={token=eyJ0eXAiOiJKV1QiLCJhbGciOiJIUzI1NiJ9.eyJleHAiOjE1Nzk1OT (truncated)...]
2020-01-20 17:31:01.781 DEBUG 14664 --- [http-nio-8080-exec-3] o.s.web.servlet.DispatcherServlet        : Completed 200 OK
2020-01-20 17:33:38.793 DEBUG 14664 --- [http-nio-8080-exec-4] o.s.web.servlet.DispatcherServlet        : POST "/getVipMessage", parameters={}
2020-01-20 17:33:38.794 DEBUG 14664 --- [http-nio-8080-exec-4] s.w.s.m.m.a.RequestMappingHandlerMapping : Mapped to com.simdy.web.shiro.springbootshiro.controller.UserController#getVipMessage()
2020-01-20 17:34:15.086 DEBUG 14664 --- [http-nio-8080-exec-4] .m.m.a.ExceptionHandlerExceptionResolver : Using @ExceptionHandler com.simdy.web.shiro.springbootshiro.controller.ExceptionController#handle401()
2020-01-20 17:34:15.087 DEBUG 14664 --- [http-nio-8080-exec-4] m.m.a.RequestResponseBodyMethodProcessor : Using 'application/json', given [*/*] and supported [application/json, application/*+json, application/json, application/*+json]
2020-01-20 17:34:15.088 DEBUG 14664 --- [http-nio-8080-exec-4] m.m.a.RequestResponseBodyMethodProcessor : Writing [Msg(status=401, message=no permission, data={info=您没有权限访问！})]
2020-01-20 17:34:15.089 DEBUG 14664 --- [http-nio-8080-exec-4] .m.m.a.ExceptionHandlerExceptionResolver : Resolved [org.apache.shiro.authz.UnauthorizedException: Subject does not have role [user]]
2020-01-20 17:34:15.089 DEBUG 14664 --- [http-nio-8080-exec-4] o.s.web.servlet.DispatcherServlet        : Completed 200 OK
2020-01-20 17:38:23.767  INFO 14664 --- [SpringContextShutdownHook] o.s.s.concurrent.ThreadPoolTaskExecutor  : Shutting down ExecutorService 'applicationTaskExecutor'
2020-01-20 17:38:30.822  INFO 17968 --- [main] c.s.w.s.s.SpringbootShiroApplication     : Starting SpringbootShiroApplication on DESKTOP-LFJN2MT with PID 17968 (E:\git\springboot-demo\springboot-shiro\target\classes started by m1581 in E:\git\springboot-demo)
2020-01-20 17:38:30.826  INFO 17968 --- [main] c.s.w.s.s.SpringbootShiroApplication     : No active profile set, falling back to default profiles: default
2020-01-20 17:38:31.872  INFO 17968 --- [main] .s.d.r.c.RepositoryConfigurationDelegate : Multiple Spring Data modules found, entering strict repository configuration mode!
2020-01-20 17:38:31.873  INFO 17968 --- [main] .s.d.r.c.RepositoryConfigurationDelegate : Bootstrapping Spring Data JDBC repositories in DEFAULT mode.
2020-01-20 17:38:31.894  INFO 17968 --- [main] .s.d.r.c.RepositoryConfigurationDelegate : Finished Spring Data repository scanning in 17ms. Found 0 JDBC repository interfaces.
2020-01-20 17:38:31.908  INFO 17968 --- [main] .s.d.r.c.RepositoryConfigurationDelegate : Multiple Spring Data modules found, entering strict repository configuration mode!
2020-01-20 17:38:31.909  INFO 17968 --- [main] .s.d.r.c.RepositoryConfigurationDelegate : Bootstrapping Spring Data Redis repositories in DEFAULT mode.
2020-01-20 17:38:31.919  INFO 17968 --- [main] .s.d.r.c.RepositoryConfigurationDelegate : Finished Spring Data repository scanning in 2ms. Found 0 Redis repository interfaces.
2020-01-20 17:38:32.119  INFO 17968 --- [main] trationDelegate$BeanPostProcessorChecker : Bean 'shiroConfig' of type [com.simdy.web.shiro.springbootshiro.shiro.ShiroConfig$$EnhancerBySpringCGLIB$$b546762d] is not eligible for getting processed by all BeanPostProcessors (for example: not eligible for auto-proxying)
2020-01-20 17:38:32.174  INFO 17968 --- [main] trationDelegate$BeanPostProcessorChecker : Bean 'userServiceImpl' of type [com.simdy.web.shiro.springbootshiro.service.impl.UserServiceImpl] is not eligible for getting processed by all BeanPostProcessors (for example: not eligible for auto-proxying)
2020-01-20 17:38:32.175  INFO 17968 --- [main] trationDelegate$BeanPostProcessorChecker : Bean 'myShiroRealm' of type [com.simdy.web.shiro.springbootshiro.shiro.MyShiroRealm] is not eligible for getting processed by all BeanPostProcessors (for example: not eligible for auto-proxying)
2020-01-20 17:38:32.905  INFO 17968 --- [main] trationDelegate$BeanPostProcessorChecker : Bean 'securityManager' of type [org.apache.shiro.web.mgt.DefaultWebSecurityManager] is not eligible for getting processed by all BeanPostProcessors (for example: not eligible for auto-proxying)
2020-01-20 17:38:32.968  INFO 17968 --- [main] trationDelegate$BeanPostProcessorChecker : Bean 'spring.redis-org.springframework.boot.autoconfigure.data.redis.RedisProperties' of type [org.springframework.boot.autoconfigure.data.redis.RedisProperties] is not eligible for getting processed by all BeanPostProcessors (for example: not eligible for auto-proxying)
2020-01-20 17:38:32.976  INFO 17968 --- [main] trationDelegate$BeanPostProcessorChecker : Bean 'org.springframework.transaction.annotation.ProxyTransactionManagementConfiguration' of type [org.springframework.transaction.annotation.ProxyTransactionManagementConfiguration] is not eligible for getting processed by all BeanPostProcessors (for example: not eligible for auto-proxying)
2020-01-20 17:38:32.987  INFO 17968 --- [main] trationDelegate$BeanPostProcessorChecker : Bean 'authorizationAttributeSourceAdvisor' of type [org.apache.shiro.spring.security.interceptor.AuthorizationAttributeSourceAdvisor] is not eligible for getting processed by all BeanPostProcessors (for example: not eligible for auto-proxying)
2020-01-20 17:38:33.023  INFO 17968 --- [main] trationDelegate$BeanPostProcessorChecker : Bean 'org.springframework.boot.autoconfigure.data.redis.LettuceConnectionConfiguration' of type [org.springframework.boot.autoconfigure.data.redis.LettuceConnectionConfiguration] is not eligible for getting processed by all BeanPostProcessors (for example: not eligible for auto-proxying)
2020-01-20 17:38:33.089  INFO 17968 --- [main] trationDelegate$BeanPostProcessorChecker : Bean 'lettuceClientResources' of type [io.lettuce.core.resource.DefaultClientResources] is not eligible for getting processed by all BeanPostProcessors (for example: not eligible for auto-proxying)
2020-01-20 17:38:33.154  INFO 17968 --- [main] trationDelegate$BeanPostProcessorChecker : Bean 'redisConnectionFactory' of type [org.springframework.data.redis.connection.lettuce.LettuceConnectionFactory] is not eligible for getting processed by all BeanPostProcessors (for example: not eligible for auto-proxying)
2020-01-20 17:38:33.158  INFO 17968 --- [main] trationDelegate$BeanPostProcessorChecker : Bean 'redisConfig' of type [com.simdy.web.shiro.springbootshiro.config.RedisConfig$$EnhancerBySpringCGLIB$$3709966c] is not eligible for getting processed by all BeanPostProcessors (for example: not eligible for auto-proxying)
2020-01-20 17:38:33.474  INFO 17968 --- [main] o.s.b.w.embedded.tomcat.TomcatWebServer  : Tomcat initialized with port(s): 8080 (http)
2020-01-20 17:38:33.482  INFO 17968 --- [main] o.apache.catalina.core.StandardService   : Starting service [Tomcat]
2020-01-20 17:38:33.482  INFO 17968 --- [main] org.apache.catalina.core.StandardEngine  : Starting Servlet engine: [Apache Tomcat/9.0.29]
2020-01-20 17:38:33.484  INFO 17968 --- [main] o.a.catalina.core.AprLifecycleListener   : Loaded APR based Apache Tomcat Native library [1.2.23] using APR version [1.7.0].
2020-01-20 17:38:33.484  INFO 17968 --- [main] o.a.catalina.core.AprLifecycleListener   : APR capabilities: IPv6 [true], sendfile [true], accept filters [false], random [true].
2020-01-20 17:38:33.484  INFO 17968 --- [main] o.a.catalina.core.AprLifecycleListener   : APR/OpenSSL configuration: useAprConnector [false], useOpenSSL [true]
2020-01-20 17:38:33.487  INFO 17968 --- [main] o.a.catalina.core.AprLifecycleListener   : OpenSSL successfully initialized [OpenSSL 1.1.1c  28 May 2019]
2020-01-20 17:38:33.601  INFO 17968 --- [main] o.a.c.c.C.[Tomcat].[localhost].[/]       : Initializing Spring embedded WebApplicationContext
2020-01-20 17:38:33.601 DEBUG 17968 --- [main] o.s.web.context.ContextLoader            : Published root WebApplicationContext as ServletContext attribute with name [org.springframework.web.context.WebApplicationContext.ROOT]
2020-01-20 17:38:33.601  INFO 17968 --- [main] o.s.web.context.ContextLoader            : Root WebApplicationContext: initialization completed in 2692 ms
2020-01-20 17:38:33.967 DEBUG 17968 --- [main] s.w.s.m.m.a.RequestMappingHandlerMapping : 9 mappings in 'requestMappingHandlerMapping'
2020-01-20 17:38:34.133  INFO 17968 --- [main] pertySourcedRequestMappingHandlerMapping : Mapped URL path [/v2/api-docs] onto method [springfox.documentation.swagger2.web.Swagger2Controller#getDocumentation(String, HttpServletRequest)]
2020-01-20 17:38:34.280  INFO 17968 --- [main] o.s.s.concurrent.ThreadPoolTaskExecutor  : Initializing ExecutorService 'applicationTaskExecutor'
2020-01-20 17:38:34.327 DEBUG 17968 --- [main] s.w.s.m.m.a.RequestMappingHandlerAdapter : ControllerAdvice beans: 0 @ModelAttribute, 0 @InitBinder, 1 RequestBodyAdvice, 1 ResponseBodyAdvice
2020-01-20 17:38:34.386 DEBUG 17968 --- [main] o.s.w.s.handler.SimpleUrlHandlerMapping  : Patterns [/webjars/**, /**, /swagger-ui.html] in 'resourceHandlerMapping'
2020-01-20 17:38:34.400 DEBUG 17968 --- [main] .m.m.a.ExceptionHandlerExceptionResolver : ControllerAdvice beans: 1 @ExceptionHandler, 1 ResponseBodyAdvice
2020-01-20 17:38:34.662  INFO 17968 --- [main] d.s.w.p.DocumentationPluginsBootstrapper : Context refreshed
2020-01-20 17:38:34.677  INFO 17968 --- [main] d.s.w.p.DocumentationPluginsBootstrapper : Found 1 custom documentation plugin(s)
2020-01-20 17:38:34.703  INFO 17968 --- [main] s.d.s.w.s.ApiListingReferenceScanner     : Scanning for api listing references
2020-01-20 17:38:34.750  INFO 17968 --- [main] o.s.b.w.embedded.tomcat.TomcatWebServer  : Tomcat started on port(s): 8080 (http) with context path ''
2020-01-20 17:38:34.752  INFO 17968 --- [main] c.s.w.s.s.SpringbootShiroApplication     : Started SpringbootShiroApplication in 4.719 seconds (JVM running for 6.401)
2020-01-20 17:40:45.130  INFO 17968 --- [http-nio-8080-exec-4] o.a.c.c.C.[Tomcat].[localhost].[/]       : Initializing Spring DispatcherServlet 'dispatcherServlet'
2020-01-20 17:40:45.130  INFO 17968 --- [http-nio-8080-exec-4] o.s.web.servlet.DispatcherServlet        : Initializing Servlet 'dispatcherServlet'
2020-01-20 17:40:45.131 DEBUG 17968 --- [http-nio-8080-exec-4] o.s.web.servlet.DispatcherServlet        : Detected StandardServletMultipartResolver
2020-01-20 17:40:45.140 DEBUG 17968 --- [http-nio-8080-exec-4] o.s.web.servlet.DispatcherServlet        : enableLoggingRequestDetails='false': request parameters and headers will be masked to prevent unsafe logging of potentially sensitive data
2020-01-20 17:40:45.140  INFO 17968 --- [http-nio-8080-exec-4] o.s.web.servlet.DispatcherServlet        : Completed initialization in 10 ms
2020-01-20 17:40:45.159 DEBUG 17968 --- [http-nio-8080-exec-4] o.s.web.servlet.DispatcherServlet        : POST "/login", parameters={masked}
2020-01-20 17:40:45.174 DEBUG 17968 --- [http-nio-8080-exec-4] s.w.s.m.m.a.RequestMappingHandlerMapping : Mapped to com.simdy.web.shiro.springbootshiro.controller.UserController#login(String, String)
2020-01-20 17:40:45.273 DEBUG 17968 --- [http-nio-8080-exec-4] m.m.a.RequestResponseBodyMethodProcessor : Using 'application/json', given [*/*] and supported [application/json, application/*+json, application/json, application/*+json]
2020-01-20 17:40:45.273 DEBUG 17968 --- [http-nio-8080-exec-4] m.m.a.RequestResponseBodyMethodProcessor : Writing [Msg(status=200, message=success, data={token=eyJ0eXAiOiJKV1QiLCJhbGciOiJIUzI1NiJ9.eyJleHAiOjE1Nzk1OT (truncated)...]
2020-01-20 17:40:45.284 DEBUG 17968 --- [http-nio-8080-exec-4] o.s.web.servlet.DispatcherServlet        : Completed 200 OK
2020-01-20 17:41:02.814 DEBUG 17968 --- [http-nio-8080-exec-2] o.s.web.servlet.DispatcherServlet        : POST "/getVipMessage", parameters={}
2020-01-20 17:41:02.815 DEBUG 17968 --- [http-nio-8080-exec-2] s.w.s.m.m.a.RequestMappingHandlerMapping : Mapped to com.simdy.web.shiro.springbootshiro.controller.UserController#getVipMessage()
2020-01-20 17:41:05.183 DEBUG 17968 --- [http-nio-8080-exec-2] m.m.a.RequestResponseBodyMethodProcessor : Using 'application/json', given [*/*] and supported [application/json, application/*+json, application/json, application/*+json]
2020-01-20 17:41:05.184 DEBUG 17968 --- [http-nio-8080-exec-2] m.m.a.RequestResponseBodyMethodProcessor : Writing [Msg(status=200, message=success, data={info=成功获得 vip 信息！})]
2020-01-20 17:41:05.186 DEBUG 17968 --- [http-nio-8080-exec-2] o.s.web.servlet.DispatcherServlet        : Completed 200 OK
